[30-Jan-2023 16:10:11 UTC] PHP Deprecated:  Function WPGraphQL\Data\Connection\AbstractConnectionResolver::setQueryArg is <strong>deprecated</strong> since version 0.3.0! Use WPGraphQL\Data\Connection\TaxonomyConnectionResolver::set_query_arg() instead. in /var/www/html/gatsby-wordpress-admin/wp-includes/functions.php on line 5383
[30-Jan-2023 16:21:05 UTC] PHP Deprecated:  Function WPGraphQL\Data\DataSource::resolve_user is <strong>deprecated</strong> since version 0.8.4! Use Use $context->get_loader( 'user' )->load_deferred( $id ) instead. instead. in /var/www/html/gatsby-wordpress-admin/wp-includes/functions.php on line 5383
[30-Jan-2023 16:21:10 UTC] PHP Deprecated:  Function WPGraphQL\Data\DataSource::resolve_user is <strong>deprecated</strong> since version 0.8.4! Use Use $context->get_loader( 'user' )->load_deferred( $id ) instead. instead. in /var/www/html/gatsby-wordpress-admin/wp-includes/functions.php on line 5383
[31-Jan-2023 04:12:28 UTC] PHP Notice:  Undefined variable: event_desc in /var/www/html/gatsby-wordpress-admin/wp-content/themes/twentytwenty/functions.php on line 975
[31-Jan-2023 04:12:28 UTC] PHP Notice:  Undefined variable: post_id in /var/www/html/gatsby-wordpress-admin/wp-content/themes/twentytwenty/functions.php on line 977
[31-Jan-2023 04:12:29 UTC] PHP Notice:  Undefined variable: event_desc in /var/www/html/gatsby-wordpress-admin/wp-content/themes/twentytwenty/functions.php on line 975
[31-Jan-2023 04:12:29 UTC] PHP Notice:  Undefined variable: post_id in /var/www/html/gatsby-wordpress-admin/wp-content/themes/twentytwenty/functions.php on line 977
[31-Jan-2023 04:12:29 UTC] PHP Notice:  Undefined variable: event_desc in /var/www/html/gatsby-wordpress-admin/wp-content/themes/twentytwenty/functions.php on line 975
[31-Jan-2023 04:12:29 UTC] PHP Notice:  Undefined variable: post_id in /var/www/html/gatsby-wordpress-admin/wp-content/themes/twentytwenty/functions.php on line 977
[31-Jan-2023 04:12:29 UTC] PHP Notice:  Undefined variable: event_desc in /var/www/html/gatsby-wordpress-admin/wp-content/themes/twentytwenty/functions.php on line 975
[31-Jan-2023 04:12:29 UTC] PHP Notice:  Undefined variable: post_id in /var/www/html/gatsby-wordpress-admin/wp-content/themes/twentytwenty/functions.php on line 977
[31-Jan-2023 04:12:29 UTC] PHP Notice:  Undefined variable: event_desc in /var/www/html/gatsby-wordpress-admin/wp-content/themes/twentytwenty/functions.php on line 975
[31-Jan-2023 04:12:29 UTC] PHP Notice:  Undefined variable: event_desc in /var/www/html/gatsby-wordpress-admin/wp-content/themes/twentytwenty/functions.php on line 975
[31-Jan-2023 04:12:29 UTC] PHP Notice:  Undefined variable: post_id in /var/www/html/gatsby-wordpress-admin/wp-content/themes/twentytwenty/functions.php on line 977
[31-Jan-2023 04:12:29 UTC] PHP Notice:  Undefined variable: post_id in /var/www/html/gatsby-wordpress-admin/wp-content/themes/twentytwenty/functions.php on line 977
[31-Jan-2023 04:12:29 UTC] PHP Notice:  Undefined variable: event_desc in /var/www/html/gatsby-wordpress-admin/wp-content/themes/twentytwenty/functions.php on line 975
[31-Jan-2023 04:12:29 UTC] PHP Notice:  Undefined variable: post_id in /var/www/html/gatsby-wordpress-admin/wp-content/themes/twentytwenty/functions.php on line 977
[31-Jan-2023 04:12:29 UTC] PHP Notice:  Undefined variable: event_desc in /var/www/html/gatsby-wordpress-admin/wp-content/themes/twentytwenty/functions.php on line 975
[31-Jan-2023 04:12:29 UTC] PHP Notice:  Undefined variable: post_id in /var/www/html/gatsby-wordpress-admin/wp-content/themes/twentytwenty/functions.php on line 977
[31-Jan-2023 04:12:29 UTC] PHP Notice:  Undefined variable: event_desc in /var/www/html/gatsby-wordpress-admin/wp-content/themes/twentytwenty/functions.php on line 975
[31-Jan-2023 04:12:29 UTC] PHP Notice:  Undefined variable: event_desc in /var/www/html/gatsby-wordpress-admin/wp-content/themes/twentytwenty/functions.php on line 975
[31-Jan-2023 04:12:29 UTC] PHP Notice:  Undefined variable: post_id in /var/www/html/gatsby-wordpress-admin/wp-content/themes/twentytwenty/functions.php on line 977
[31-Jan-2023 04:12:29 UTC] PHP Notice:  Undefined variable: post_id in /var/www/html/gatsby-wordpress-admin/wp-content/themes/twentytwenty/functions.php on line 977
[31-Jan-2023 04:12:29 UTC] PHP Notice:  Undefined variable: event_desc in /var/www/html/gatsby-wordpress-admin/wp-content/themes/twentytwenty/functions.php on line 975
[31-Jan-2023 04:12:29 UTC] PHP Notice:  Undefined variable: post_id in /var/www/html/gatsby-wordpress-admin/wp-content/themes/twentytwenty/functions.php on line 977
[31-Jan-2023 04:12:34 UTC] PHP Notice:  Undefined variable: event_desc in /var/www/html/gatsby-wordpress-admin/wp-content/themes/twentytwenty/functions.php on line 975
[31-Jan-2023 04:12:34 UTC] PHP Notice:  Undefined variable: post_id in /var/www/html/gatsby-wordpress-admin/wp-content/themes/twentytwenty/functions.php on line 977
[31-Jan-2023 04:12:39 UTC] PHP Notice:  Undefined variable: event_desc in /var/www/html/gatsby-wordpress-admin/wp-content/themes/twentytwenty/functions.php on line 975
[31-Jan-2023 04:12:39 UTC] PHP Notice:  Undefined variable: post_id in /var/www/html/gatsby-wordpress-admin/wp-content/themes/twentytwenty/functions.php on line 977
[31-Jan-2023 04:12:44 UTC] PHP Notice:  Undefined variable: event_desc in /var/www/html/gatsby-wordpress-admin/wp-content/themes/twentytwenty/functions.php on line 975
[31-Jan-2023 04:12:44 UTC] PHP Notice:  Undefined variable: post_id in /var/www/html/gatsby-wordpress-admin/wp-content/themes/twentytwenty/functions.php on line 977
[31-Jan-2023 04:12:44 UTC] PHP Notice:  Undefined variable: event_desc in /var/www/html/gatsby-wordpress-admin/wp-content/themes/twentytwenty/functions.php on line 975
[31-Jan-2023 04:12:44 UTC] PHP Notice:  Undefined variable: post_id in /var/www/html/gatsby-wordpress-admin/wp-content/themes/twentytwenty/functions.php on line 977
[31-Jan-2023 04:12:49 UTC] PHP Notice:  Undefined variable: event_desc in /var/www/html/gatsby-wordpress-admin/wp-content/themes/twentytwenty/functions.php on line 975
[31-Jan-2023 04:12:49 UTC] PHP Notice:  Undefined variable: post_id in /var/www/html/gatsby-wordpress-admin/wp-content/themes/twentytwenty/functions.php on line 977
[31-Jan-2023 04:12:54 UTC] PHP Notice:  Undefined variable: event_desc in /var/www/html/gatsby-wordpress-admin/wp-content/themes/twentytwenty/functions.php on line 975
[31-Jan-2023 04:12:54 UTC] PHP Notice:  Undefined variable: post_id in /var/www/html/gatsby-wordpress-admin/wp-content/themes/twentytwenty/functions.php on line 977
[31-Jan-2023 04:12:59 UTC] PHP Notice:  Undefined variable: event_desc in /var/www/html/gatsby-wordpress-admin/wp-content/themes/twentytwenty/functions.php on line 975
[31-Jan-2023 04:12:59 UTC] PHP Notice:  Undefined variable: post_id in /var/www/html/gatsby-wordpress-admin/wp-content/themes/twentytwenty/functions.php on line 977
[31-Jan-2023 04:13:04 UTC] PHP Notice:  Undefined variable: event_desc in /var/www/html/gatsby-wordpress-admin/wp-content/themes/twentytwenty/functions.php on line 975
[31-Jan-2023 04:13:04 UTC] PHP Notice:  Undefined variable: post_id in /var/www/html/gatsby-wordpress-admin/wp-content/themes/twentytwenty/functions.php on line 977
[31-Jan-2023 04:13:09 UTC] PHP Notice:  Undefined variable: event_desc in /var/www/html/gatsby-wordpress-admin/wp-content/themes/twentytwenty/functions.php on line 975
[31-Jan-2023 04:13:09 UTC] PHP Notice:  Undefined variable: post_id in /var/www/html/gatsby-wordpress-admin/wp-content/themes/twentytwenty/functions.php on line 977
[31-Jan-2023 04:13:14 UTC] PHP Notice:  Undefined variable: event_desc in /var/www/html/gatsby-wordpress-admin/wp-content/themes/twentytwenty/functions.php on line 975
[31-Jan-2023 04:13:14 UTC] PHP Notice:  Undefined variable: post_id in /var/www/html/gatsby-wordpress-admin/wp-content/themes/twentytwenty/functions.php on line 977
[31-Jan-2023 04:13:19 UTC] PHP Notice:  Undefined variable: event_desc in /var/www/html/gatsby-wordpress-admin/wp-content/themes/twentytwenty/functions.php on line 975
[31-Jan-2023 04:13:19 UTC] PHP Notice:  Undefined variable: post_id in /var/www/html/gatsby-wordpress-admin/wp-content/themes/twentytwenty/functions.php on line 977
[31-Jan-2023 04:13:24 UTC] PHP Notice:  Undefined variable: event_desc in /var/www/html/gatsby-wordpress-admin/wp-content/themes/twentytwenty/functions.php on line 975
[31-Jan-2023 04:13:24 UTC] PHP Notice:  Undefined variable: post_id in /var/www/html/gatsby-wordpress-admin/wp-content/themes/twentytwenty/functions.php on line 977
[31-Jan-2023 04:13:29 UTC] PHP Notice:  Undefined index: ID in /var/www/html/gatsby-wordpress-admin/wp-includes/post.php on line 4762
[31-Jan-2023 04:13:29 UTC] PHP Notice:  Undefined index: ID in /var/www/html/gatsby-wordpress-admin/wp-includes/post.php on line 4762
[31-Jan-2023 04:13:30 UTC] PHP Notice:  Undefined index: ID in /var/www/html/gatsby-wordpress-admin/wp-includes/post.php on line 4762
[31-Jan-2023 04:13:34 UTC] PHP Notice:  Undefined index: ID in /var/www/html/gatsby-wordpress-admin/wp-includes/post.php on line 4762
[31-Jan-2023 04:13:39 UTC] PHP Notice:  Undefined variable: post_id in /var/www/html/gatsby-wordpress-admin/wp-content/themes/twentytwenty/functions.php on line 977
[31-Jan-2023 04:13:41 UTC] PHP Notice:  Undefined variable: post_id in /var/www/html/gatsby-wordpress-admin/wp-content/themes/twentytwenty/functions.php on line 977
[31-Jan-2023 04:13:44 UTC] PHP Notice:  Undefined variable: post_id in /var/www/html/gatsby-wordpress-admin/wp-content/themes/twentytwenty/functions.php on line 977
[31-Jan-2023 04:13:44 UTC] PHP Notice:  Undefined variable: post_id in /var/www/html/gatsby-wordpress-admin/wp-content/themes/twentytwenty/functions.php on line 977
[31-Jan-2023 04:13:49 UTC] PHP Notice:  Undefined variable: post_id in /var/www/html/gatsby-wordpress-admin/wp-content/themes/twentytwenty/functions.php on line 977
[31-Jan-2023 04:13:55 UTC] PHP Notice:  Undefined variable: post_id in /var/www/html/gatsby-wordpress-admin/wp-content/themes/twentytwenty/functions.php on line 977
[31-Jan-2023 04:14:00 UTC] PHP Notice:  Undefined variable: post_id in /var/www/html/gatsby-wordpress-admin/wp-content/themes/twentytwenty/functions.php on line 977
[31-Jan-2023 04:14:05 UTC] PHP Notice:  Undefined variable: post_id in /var/www/html/gatsby-wordpress-admin/wp-content/themes/twentytwenty/functions.php on line 977
[31-Jan-2023 04:19:04 UTC] PHP Notice:  Undefined index: Name in /var/www/html/gatsby-wordpress-admin/wp-content/plugins/js_composer/include/classes/updaters/class-vc-updater.php on line 129
[31-Jan-2023 04:19:32 UTC] PHP Notice:  Undefined index: post_title in /var/www/html/gatsby-wordpress-admin/wp-content/themes/twentytwenty/functions.php on line 827
[31-Jan-2023 04:19:32 UTC] PHP Notice:  Undefined index: post_content in /var/www/html/gatsby-wordpress-admin/wp-content/themes/twentytwenty/functions.php on line 828
[31-Jan-2023 04:19:32 UTC] PHP Notice:  Undefined variable: _FILE in /var/www/html/gatsby-wordpress-admin/wp-content/themes/twentytwenty/functions.php on line 829
[31-Jan-2023 04:19:32 UTC] PHP Notice:  Trying to access array offset on value of type null in /var/www/html/gatsby-wordpress-admin/wp-content/themes/twentytwenty/functions.php on line 829
[31-Jan-2023 04:19:32 UTC] PHP Notice:  Trying to access array offset on value of type null in /var/www/html/gatsby-wordpress-admin/wp-content/themes/twentytwenty/functions.php on line 829
[31-Jan-2023 04:19:32 UTC] PHP Notice:  Undefined variable: _FILE in /var/www/html/gatsby-wordpress-admin/wp-content/themes/twentytwenty/functions.php on line 830
[31-Jan-2023 04:19:32 UTC] PHP Notice:  Trying to access array offset on value of type null in /var/www/html/gatsby-wordpress-admin/wp-content/themes/twentytwenty/functions.php on line 830
[31-Jan-2023 04:19:32 UTC] PHP Notice:  Trying to access array offset on value of type null in /var/www/html/gatsby-wordpress-admin/wp-content/themes/twentytwenty/functions.php on line 830
[31-Jan-2023 04:19:32 UTC] PHP Warning:  file_get_contents(): Filename cannot be empty in /var/www/html/gatsby-wordpress-admin/wp-content/themes/twentytwenty/functions.php on line 843
[31-Jan-2023 04:19:32 UTC] PHP Warning:  file_put_contents(/var/www/html/gatsby-wordpress-admin/wp-content/uploads/2023/01/): failed to open stream: Is a directory in /var/www/html/gatsby-wordpress-admin/wp-content/themes/twentytwenty/functions.php on line 851
[31-Jan-2023 04:19:32 UTC] PHP Notice:  Undefined index: rollno in /var/www/html/gatsby-wordpress-admin/wp-content/themes/twentytwenty/functions.php on line 1953
[31-Jan-2023 04:19:32 UTC] PHP Notice:  Undefined index: fname in /var/www/html/gatsby-wordpress-admin/wp-content/themes/twentytwenty/functions.php on line 1954
[31-Jan-2023 04:19:32 UTC] PHP Notice:  Undefined index: sex in /var/www/html/gatsby-wordpress-admin/wp-content/themes/twentytwenty/functions.php on line 1955
[31-Jan-2023 04:19:32 UTC] PHP Notice:  Undefined index: sport_game in /var/www/html/gatsby-wordpress-admin/wp-content/themes/twentytwenty/functions.php on line 1956
[31-Jan-2023 04:19:32 UTC] PHP Notice:  Undefined index: age_group in /var/www/html/gatsby-wordpress-admin/wp-content/themes/twentytwenty/functions.php on line 1957
[31-Jan-2023 04:19:32 UTC] PHP Notice:  Undefined index: lname in /var/www/html/gatsby-wordpress-admin/wp-content/themes/twentytwenty/functions.php on line 1958
[31-Jan-2023 04:19:32 UTC] PHP Notice:  Undefined index: email in /var/www/html/gatsby-wordpress-admin/wp-content/themes/twentytwenty/functions.php on line 1959
[31-Jan-2023 04:19:59 UTC] PHP Deprecated:  Function WPGraphQL\Data\DataSource::resolve_user is <strong>deprecated</strong> since version 0.8.4! Use Use $context->get_loader( 'user' )->load_deferred( $id ) instead. instead. in /var/www/html/gatsby-wordpress-admin/wp-includes/functions.php on line 5383
[31-Jan-2023 04:20:00 UTC] PHP Deprecated:  Function wp_make_content_images_responsive is <strong>deprecated</strong> since version 5.5.0! Use wp_filter_content_tags() instead. in /var/www/html/gatsby-wordpress-admin/wp-includes/functions.php on line 5383
[31-Jan-2023 04:20:09 UTC] PHP Deprecated:  Function WPGraphQL\Data\DataSource::resolve_user is <strong>deprecated</strong> since version 0.8.4! Use Use $context->get_loader( 'user' )->load_deferred( $id ) instead. instead. in /var/www/html/gatsby-wordpress-admin/wp-includes/functions.php on line 5383
[31-Jan-2023 04:20:10 UTC] PHP Deprecated:  Function WPGraphQL\Data\DataSource::resolve_user is <strong>deprecated</strong> since version 0.8.4! Use Use $context->get_loader( 'user' )->load_deferred( $id ) instead. instead. in /var/www/html/gatsby-wordpress-admin/wp-includes/functions.php on line 5383
[31-Jan-2023 04:20:41 UTC] PHP Notice:  Undefined index: post_title in /var/www/html/gatsby-wordpress-admin/wp-content/themes/twentytwenty/functions.php on line 827
[31-Jan-2023 04:20:41 UTC] PHP Notice:  Undefined index: post_content in /var/www/html/gatsby-wordpress-admin/wp-content/themes/twentytwenty/functions.php on line 828
[31-Jan-2023 04:20:41 UTC] PHP Notice:  Undefined variable: _FILE in /var/www/html/gatsby-wordpress-admin/wp-content/themes/twentytwenty/functions.php on line 829
[31-Jan-2023 04:20:41 UTC] PHP Notice:  Trying to access array offset on value of type null in /var/www/html/gatsby-wordpress-admin/wp-content/themes/twentytwenty/functions.php on line 829
[31-Jan-2023 04:20:41 UTC] PHP Notice:  Trying to access array offset on value of type null in /var/www/html/gatsby-wordpress-admin/wp-content/themes/twentytwenty/functions.php on line 829
[31-Jan-2023 04:20:41 UTC] PHP Notice:  Undefined variable: _FILE in /var/www/html/gatsby-wordpress-admin/wp-content/themes/twentytwenty/functions.php on line 830
[31-Jan-2023 04:20:41 UTC] PHP Notice:  Trying to access array offset on value of type null in /var/www/html/gatsby-wordpress-admin/wp-content/themes/twentytwenty/functions.php on line 830
[31-Jan-2023 04:20:41 UTC] PHP Notice:  Trying to access array offset on value of type null in /var/www/html/gatsby-wordpress-admin/wp-content/themes/twentytwenty/functions.php on line 830
[31-Jan-2023 04:20:41 UTC] PHP Warning:  file_get_contents(): Filename cannot be empty in /var/www/html/gatsby-wordpress-admin/wp-content/themes/twentytwenty/functions.php on line 843
[31-Jan-2023 04:20:41 UTC] PHP Warning:  file_put_contents(/var/www/html/gatsby-wordpress-admin/wp-content/uploads/2023/01/): failed to open stream: Is a directory in /var/www/html/gatsby-wordpress-admin/wp-content/themes/twentytwenty/functions.php on line 851
[31-Jan-2023 04:20:41 UTC] PHP Notice:  Undefined index: rollno in /var/www/html/gatsby-wordpress-admin/wp-content/themes/twentytwenty/functions.php on line 1953
[31-Jan-2023 04:20:41 UTC] PHP Notice:  Undefined index: fname in /var/www/html/gatsby-wordpress-admin/wp-content/themes/twentytwenty/functions.php on line 1954
[31-Jan-2023 04:20:41 UTC] PHP Notice:  Undefined index: sex in /var/www/html/gatsby-wordpress-admin/wp-content/themes/twentytwenty/functions.php on line 1955
[31-Jan-2023 04:20:41 UTC] PHP Notice:  Undefined index: sport_game in /var/www/html/gatsby-wordpress-admin/wp-content/themes/twentytwenty/functions.php on line 1956
[31-Jan-2023 04:20:41 UTC] PHP Notice:  Undefined index: age_group in /var/www/html/gatsby-wordpress-admin/wp-content/themes/twentytwenty/functions.php on line 1957
[31-Jan-2023 04:20:41 UTC] PHP Notice:  Undefined index: lname in /var/www/html/gatsby-wordpress-admin/wp-content/themes/twentytwenty/functions.php on line 1958
[31-Jan-2023 04:20:41 UTC] PHP Notice:  Undefined index: email in /var/www/html/gatsby-wordpress-admin/wp-content/themes/twentytwenty/functions.php on line 1959
[31-Jan-2023 04:37:40 UTC] PHP Notice:  Function register_rest_route was called <strong>incorrectly</strong>. The REST API route definition for <code>wooproduct/list</code> is missing the required <code>permission_callback</code> argument. For REST API routes that are intended to be public, use <code>__return_true</code> as the permission callback. Please see <a href="https://wordpress.org/support/article/debugging-in-wordpress/">Debugging in WordPress</a> for more information. (This message was added in version 5.5.0.) in /var/www/html/gatsby-wordpress-admin/wp-includes/functions.php on line 5835
[31-Jan-2023 04:37:40 UTC] PHP Notice:  Function register_rest_route was called <strong>incorrectly</strong>. The REST API route definition for <code>wooproduct/update</code> is missing the required <code>permission_callback</code> argument. For REST API routes that are intended to be public, use <code>__return_true</code> as the permission callback. Please see <a href="https://wordpress.org/support/article/debugging-in-wordpress/">Debugging in WordPress</a> for more information. (This message was added in version 5.5.0.) in /var/www/html/gatsby-wordpress-admin/wp-includes/functions.php on line 5835
[31-Jan-2023 04:37:40 UTC] PHP Notice:  Function register_rest_route was called <strong>incorrectly</strong>. The REST API route definition for <code>wooproduct/delete/product(?:/(?P<id>\d+))?</code> is missing the required <code>permission_callback</code> argument. For REST API routes that are intended to be public, use <code>__return_true</code> as the permission callback. Please see <a href="https://wordpress.org/support/article/debugging-in-wordpress/">Debugging in WordPress</a> for more information. (This message was added in version 5.5.0.) in /var/www/html/gatsby-wordpress-admin/wp-includes/functions.php on line 5835
[31-Jan-2023 04:37:40 UTC] PHP Notice:  Function register_rest_route was called <strong>incorrectly</strong>. The REST API route definition for <code>wooproduct/view</code> is missing the required <code>permission_callback</code> argument. For REST API routes that are intended to be public, use <code>__return_true</code> as the permission callback. Please see <a href="https://wordpress.org/support/article/debugging-in-wordpress/">Debugging in WordPress</a> for more information. (This message was added in version 5.5.0.) in /var/www/html/gatsby-wordpress-admin/wp-includes/functions.php on line 5835
[31-Jan-2023 04:37:40 UTC] PHP Notice:  Function register_rest_route was called <strong>incorrectly</strong>. The REST API route definition for <code>wooproduct/bid/product</code> is missing the required <code>permission_callback</code> argument. For REST API routes that are intended to be public, use <code>__return_true</code> as the permission callback. Please see <a href="https://wordpress.org/support/article/debugging-in-wordpress/">Debugging in WordPress</a> for more information. (This message was added in version 5.5.0.) in /var/www/html/gatsby-wordpress-admin/wp-includes/functions.php on line 5835
[31-Jan-2023 04:37:40 UTC] PHP Notice:  Function register_rest_route was called <strong>incorrectly</strong>. The REST API route definition for <code>wooproduct/login</code> is missing the required <code>permission_callback</code> argument. For REST API routes that are intended to be public, use <code>__return_true</code> as the permission callback. Please see <a href="https://wordpress.org/support/article/debugging-in-wordpress/">Debugging in WordPress</a> for more information. (This message was added in version 5.5.0.) in /var/www/html/gatsby-wordpress-admin/wp-includes/functions.php on line 5835
[31-Jan-2023 04:37:40 UTC] PHP Notice:  Function register_rest_route was called <strong>incorrectly</strong>. The REST API route definition for <code>demo/product/extendwarrety</code> is missing the required <code>permission_callback</code> argument. For REST API routes that are intended to be public, use <code>__return_true</code> as the permission callback. Please see <a href="https://wordpress.org/support/article/debugging-in-wordpress/">Debugging in WordPress</a> for more information. (This message was added in version 5.5.0.) in /var/www/html/gatsby-wordpress-admin/wp-includes/functions.php on line 5835
[31-Jan-2023 04:37:40 UTC] PHP Notice:  Function register_rest_route was called <strong>incorrectly</strong>. The REST API route definition for <code>demo/product/extendwarretywithpost</code> is missing the required <code>permission_callback</code> argument. For REST API routes that are intended to be public, use <code>__return_true</code> as the permission callback. Please see <a href="https://wordpress.org/support/article/debugging-in-wordpress/">Debugging in WordPress</a> for more information. (This message was added in version 5.5.0.) in /var/www/html/gatsby-wordpress-admin/wp-includes/functions.php on line 5835
[31-Jan-2023 04:37:40 UTC] PHP Notice:  Function register_rest_route was called <strong>incorrectly</strong>. The REST API route definition for <code>demo/gst/calculation</code> is missing the required <code>permission_callback</code> argument. For REST API routes that are intended to be public, use <code>__return_true</code> as the permission callback. Please see <a href="https://wordpress.org/support/article/debugging-in-wordpress/">Debugging in WordPress</a> for more information. (This message was added in version 5.5.0.) in /var/www/html/gatsby-wordpress-admin/wp-includes/functions.php on line 5835
[31-Jan-2023 04:37:40 UTC] PHP Notice:  Function register_rest_route was called <strong>incorrectly</strong>. The REST API route definition for <code>rapidapi/movie/list</code> is missing the required <code>permission_callback</code> argument. For REST API routes that are intended to be public, use <code>__return_true</code> as the permission callback. Please see <a href="https://wordpress.org/support/article/debugging-in-wordpress/">Debugging in WordPress</a> for more information. (This message was added in version 5.5.0.) in /var/www/html/gatsby-wordpress-admin/wp-includes/functions.php on line 5835
[31-Jan-2023 04:37:40 UTC] PHP Warning:  Cannot modify header information - headers already sent by (output started at /var/www/html/gatsby-wordpress-admin/wp-includes/functions.php:5835) in /var/www/html/gatsby-wordpress-admin/wp-admin/admin-header.php on line 9
[31-Jan-2023 04:37:40 UTC] PHP Warning:  Cannot modify header information - headers already sent by (output started at /var/www/html/gatsby-wordpress-admin/wp-includes/functions.php:5835) in /var/www/html/gatsby-wordpress-admin/wp-includes/option.php on line 1138
[31-Jan-2023 04:37:40 UTC] PHP Warning:  Cannot modify header information - headers already sent by (output started at /var/www/html/gatsby-wordpress-admin/wp-includes/functions.php:5835) in /var/www/html/gatsby-wordpress-admin/wp-includes/option.php on line 1139
